=== 高斯消去多线程性能评测实验数据 ===
测试时间: Fri May 22 15:21:16 CST 2026
------------------------------------------------------------------
规模:  512 | 线程数:  1 | 串行:  0.0029秒 | Pthread:  0.0042秒 (0.70x) | OpenMP:  0.0031秒 (0.93x) | [OK]
规模:  512 | 线程数:  2 | 串行:  0.0027秒 | Pthread:  0.0197秒 (0.14x) | OpenMP:  0.0050秒 (0.55x) | [OK]
规模:  512 | 线程数:  4 | 串行:  0.0028秒 | Pthread:  0.0336秒 (0.08x) | OpenMP:  0.0038秒 (0.76x) | [OK]
规模:  512 | 线程数:  8 | 串行:  0.0031秒 | Pthread:  0.0632秒 (0.05x) | OpenMP:  0.0041秒 (0.76x) | [OK]
规模:  512 | 线程数: 16 | 串行:  0.0031秒 | Pthread:  0.1287秒 (0.02x) | OpenMP:  0.0066秒 (0.47x) | [OK]
------------------------------------------------------------------
规模: 1024 | 线程数:  1 | 串行:  0.0321秒 | Pthread:  0.0333秒 (0.96x) | OpenMP:  0.0328秒 (0.98x) | [OK]
规模: 1024 | 线程数:  2 | 串行:  0.0309秒 | Pthread:  0.0533秒 (0.58x) | OpenMP:  0.0259秒 (1.20x) | [OK]
规模: 1024 | 线程数:  4 | 串行:  0.0312秒 | Pthread:  0.0764秒 (0.41x) | OpenMP:  0.0174秒 (1.79x) | [OK]
规模: 1024 | 线程数:  8 | 串行:  0.0319秒 | Pthread:  0.1387秒 (0.23x) | OpenMP:  0.0157秒 (2.03x) | [OK]
规模: 1024 | 线程数: 16 | 串行:  0.0319秒 | Pthread:  0.2656秒 (0.12x) | OpenMP:  0.0234秒 (1.37x) | [OK]
------------------------------------------------------------------
规模: 2048 | 线程数:  1 | 串行:  0.2857秒 | Pthread:  0.2874秒 (0.99x) | OpenMP:  0.2903秒 (0.98x) | [OK]
规模: 2048 | 线程数:  2 | 串行:  0.2859秒 | Pthread:  0.2211秒 (1.29x) | OpenMP:  0.1781秒 (1.61x) | [OK]
规模: 2048 | 线程数:  4 | 串行:  0.2784秒 | Pthread:  0.2305秒 (1.21x) | OpenMP:  0.1173秒 (2.37x) | [OK]
规模: 2048 | 线程数:  8 | 串行:  0.2812秒 | Pthread:  0.3342秒 (0.84x) | OpenMP:  0.0942秒 (2.99x) | [OK]
规模: 2048 | 线程数: 16 | 串行:  0.2874秒 | Pthread:  0.5752秒 (0.50x) | OpenMP:  0.0977秒 (2.94x) | [OK]
------------------------------------------------------------------
